<?xml version="1.0" encoding="UTF-8"?>
<!-- Generated by org.testng.reporters.JUnitXMLReporter -->
<testsuite ignored="0" hostname="DESKTOP-G4QHCGN" failures="0" tests="4" name="Default test" time="31.385" errors="0" timestamp="2025-05-24T14:30:08 EET">
  <testcase classname="ToolShopWebsiteProject.ToolShopWebsiteProject.MyTest" name="Login" time="4.746"/>
  <testcase classname="ToolShopWebsiteProject.ToolShopWebsiteProject.MyTest" name="ProductSearchAndFiltiring" time="4.037"/>
  <testcase classname="ToolShopWebsiteProject.ToolShopWebsiteProject.MyTest" name="AddItems" time="6.351"/>
  <testcase classname="ToolShopWebsiteProject.ToolShopWebsiteProject.MyTest" name="CheckoutFlow" time="13.682"/>
</testsuite> <!-- Default test -->
